{"/home/hackyourfuture/Documents/Mert/DanceWithMe/api/math.js": {"path":"/home/hackyourfuture/Documents/Mert/DanceWithMe/api/math.js","statementMap":{"0":{"start":{"line":1,"column":28},"end":{"line":3,"column":1}},"1":{"start":{"line":2,"column":4},"end":{"line":2,"column":28}},"2":{"start":{"line":5,"column":28},"end":{"line":7,"column":1}},"3":{"start":{"line":6,"column":4},"end":{"line":6,"column":28}},"4":{"start":{"line":17,"column":0},"end":{"line":20,"column":1}}},"fnMap":{"0":{"name":"(anonymous_0)","decl":{"start":{"line":1,"column":28},"end":{"line":1,"column":29}},"loc":{"start":{"line":1,"column":38},"end":{"line":3,"column":1}},"line":1},"1":{"name":"(anonymous_1)","decl":{"start":{"line":5,"column":28},"end":{"line":5,"column":29}},"loc":{"start":{"line":5,"column":38},"end":{"line":7,"column":1}},"line":5}},"branchMap":{},"s":{"0":1,"1":1,"2":1,"3":1,"4":1},"f":{"0":1,"1":1},"b":{},"_coverageSchema":"1a1c01bbd47fc00a2c39e90264f33305004495a9","hash":"ec357b376726e94fa16cf3f3067b8a69029176a7"}
,"/home/hackyourfuture/Documents/Mert/DanceWithMe/api/server.js": {"path":"/home/hackyourfuture/Documents/Mert/DanceWithMe/api/server.js","statementMap":{"0":{"start":{"line":5,"column":10},"end":{"line":5,"column":27}},"1":{"start":{"line":7,"column":0},"end":{"line":7,"column":21}}},"fnMap":{},"branchMap":{},"s":{"0":2,"1":2},"f":{},"b":{},"_coverageSchema":"1a1c01bbd47fc00a2c39e90264f33305004495a9","hash":"36b1bf6df56fe28dfbb87510078e5ae653b0da4c"}
,"/home/hackyourfuture/Documents/Mert/DanceWithMe/api/src/index.js": {"path":"/home/hackyourfuture/Documents/Mert/DanceWithMe/api/src/index.js","statementMap":{"0":{"start":{"line":1,"column":16},"end":{"line":1,"column":34}},"1":{"start":{"line":2,"column":19},"end":{"line":2,"column":44}},"2":{"start":{"line":3,"column":11},"end":{"line":3,"column":26}},"3":{"start":{"line":4,"column":0},"end":{"line":4,"column":28}},"4":{"start":{"line":6,"column":12},"end":{"line":6,"column":21}},"5":{"start":{"line":7,"column":0},"end":{"line":7,"column":24}},"6":{"start":{"line":8,"column":0},"end":{"line":8,"column":15}},"7":{"start":{"line":9,"column":0},"end":{"line":9,"column":20}},"8":{"start":{"line":11,"column":0},"end":{"line":11,"column":20}}},"fnMap":{},"branchMap":{},"s":{"0":2,"1":2,"2":2,"3":2,"4":2,"5":2,"6":2,"7":2,"8":2},"f":{},"b":{},"_coverageSchema":"1a1c01bbd47fc00a2c39e90264f33305004495a9","hash":"ca34127f991114e9547ffa761a6642e20cc51f31"}
,"/home/hackyourfuture/Documents/Mert/DanceWithMe/api/src/db/mongoose.js": {"path":"/home/hackyourfuture/Documents/Mert/DanceWithMe/api/src/db/mongoose.js","statementMap":{"0":{"start":{"line":1,"column":17},"end":{"line":1,"column":36}},"1":{"start":{"line":3,"column":13},"end":{"line":3,"column":28}},"2":{"start":{"line":4,"column":0},"end":{"line":4,"column":104}},"3":{"start":{"line":8,"column":4},"end":{"line":13,"column":5}},"4":{"start":{"line":15,"column":21},"end":{"line":15,"column":40}},"5":{"start":{"line":17,"column":2},"end":{"line":19,"column":4}},"6":{"start":{"line":18,"column":6},"end":{"line":18,"column":74}}},"fnMap":{"0":{"name":"(anonymous_0)","decl":{"start":{"line":17,"column":26},"end":{"line":17,"column":27}},"loc":{"start":{"line":17,"column":30},"end":{"line":19,"column":3}},"line":17}},"branchMap":{},"s":{"0":2,"1":2,"2":2,"3":2,"4":2,"5":2,"6":2},"f":{"0":2},"b":{},"_coverageSchema":"1a1c01bbd47fc00a2c39e90264f33305004495a9","hash":"a5110d038a35dfc7490ef6ec51fdd81a41e5b594"}
,"/home/hackyourfuture/Documents/Mert/DanceWithMe/api/src/emails/account.js": {"path":"/home/hackyourfuture/Documents/Mert/DanceWithMe/api/src/emails/account.js","statementMap":{"0":{"start":{"line":1,"column":15},"end":{"line":1,"column":40}},"1":{"start":{"line":2,"column":13},"end":{"line":2,"column":28}},"2":{"start":{"line":3,"column":0},"end":{"line":6,"column":3}},"3":{"start":{"line":8,"column":0},"end":{"line":8,"column":47}},"4":{"start":{"line":10,"column":25},"end":{"line":26,"column":1}},"5":{"start":{"line":11,"column":2},"end":{"line":25,"column":5}},"6":{"start":{"line":28,"column":0},"end":{"line":28,"column":34}}},"fnMap":{"0":{"name":"(anonymous_0)","decl":{"start":{"line":10,"column":25},"end":{"line":10,"column":26}},"loc":{"start":{"line":10,"column":42},"end":{"line":26,"column":1}},"line":10}},"branchMap":{},"s":{"0":2,"1":2,"2":2,"3":2,"4":2,"5":1,"6":2},"f":{"0":1},"b":{},"_coverageSchema":"1a1c01bbd47fc00a2c39e90264f33305004495a9","hash":"56fb20f4daf05016af4b5ac8457c3522fff0f603"}
,"/home/hackyourfuture/Documents/Mert/DanceWithMe/api/src/middleware/authentication.js": {"path":"/home/hackyourfuture/Documents/Mert/DanceWithMe/api/src/middleware/authentication.js","statementMap":{"0":{"start":{"line":1,"column":12},"end":{"line":1,"column":35}},"1":{"start":{"line":2,"column":13},"end":{"line":2,"column":38}},"2":{"start":{"line":4,"column":13},"end":{"line":26,"column":1}},"3":{"start":{"line":5,"column":2},"end":{"line":25,"column":3}},"4":{"start":{"line":6,"column":18},"end":{"line":6,"column":68}},"5":{"start":{"line":7,"column":20},"end":{"line":7,"column":61}},"6":{"start":{"line":10,"column":17},"end":{"line":10,"column":79}},"7":{"start":{"line":17,"column":4},"end":{"line":19,"column":5}},"8":{"start":{"line":18,"column":6},"end":{"line":18,"column":24}},"9":{"start":{"line":20,"column":4},"end":{"line":20,"column":22}},"10":{"start":{"line":21,"column":4},"end":{"line":21,"column":20}},"11":{"start":{"line":22,"column":4},"end":{"line":22,"column":11}},"12":{"start":{"line":24,"column":4},"end":{"line":24,"column":60}},"13":{"start":{"line":27,"column":0},"end":{"line":27,"column":22}}},"fnMap":{"0":{"name":"(anonymous_0)","decl":{"start":{"line":4,"column":13},"end":{"line":4,"column":14}},"loc":{"start":{"line":4,"column":39},"end":{"line":26,"column":1}},"line":4}},"branchMap":{"0":{"loc":{"start":{"line":17,"column":4},"end":{"line":19,"column":5}},"type":"if","locations":[{"start":{"line":17,"column":4},"end":{"line":19,"column":5}},{"start":{"line":17,"column":4},"end":{"line":19,"column":5}}],"line":17}},"s":{"0":2,"1":2,"2":2,"3":0,"4":0,"5":0,"6":0,"7":0,"8":0,"9":0,"10":0,"11":0,"12":0,"13":2},"f":{"0":0},"b":{"0":[0,0]},"_coverageSchema":"1a1c01bbd47fc00a2c39e90264f33305004495a9","hash":"a6adcebe9ace3c6c01f534d626f57a48039b1ace"}
,"/home/hackyourfuture/Documents/Mert/DanceWithMe/api/src/models/user.js": {"path":"/home/hackyourfuture/Documents/Mert/DanceWithMe/api/src/models/user.js","statementMap":{"0":{"start":{"line":1,"column":17},"end":{"line":1,"column":36}},"1":{"start":{"line":2,"column":18},"end":{"line":2,"column":38}},"2":{"start":{"line":3,"column":15},"end":{"line":3,"column":34}},"3":{"start":{"line":4,"column":12},"end":{"line":4,"column":35}},"4":{"start":{"line":6,"column":19},"end":{"line":96,"column":2}},"5":{"start":{"line":24,"column":6},"end":{"line":26,"column":7}},"6":{"start":{"line":25,"column":8},"end":{"line":25,"column":45}},"7":{"start":{"line":35,"column":6},"end":{"line":37,"column":7}},"8":{"start":{"line":36,"column":8},"end":{"line":36,"column":63}},"9":{"start":{"line":98,"column":0},"end":{"line":105,"column":2}},"10":{"start":{"line":99,"column":15},"end":{"line":99,"column":19}},"11":{"start":{"line":100,"column":21},"end":{"line":100,"column":36}},"12":{"start":{"line":101,"column":2},"end":{"line":101,"column":29}},"13":{"start":{"line":102,"column":2},"end":{"line":102,"column":27}},"14":{"start":{"line":103,"column":2},"end":{"line":103,"column":27}},"15":{"start":{"line":104,"column":2},"end":{"line":104,"column":20}},"16":{"start":{"line":107,"column":0},"end":{"line":115,"column":2}},"17":{"start":{"line":108,"column":15},"end":{"line":108,"column":19}},"18":{"start":{"line":109,"column":16},"end":{"line":109,"column":78}},"19":{"start":{"line":112,"column":2},"end":{"line":112,"column":46}},"20":{"start":{"line":113,"column":2},"end":{"line":113,"column":20}},"21":{"start":{"line":114,"column":2},"end":{"line":114,"column":15}},"22":{"start":{"line":118,"column":0},"end":{"line":128,"column":2}},"23":{"start":{"line":119,"column":15},"end":{"line":119,"column":51}},"24":{"start":{"line":120,"column":2},"end":{"line":122,"column":3}},"25":{"start":{"line":121,"column":4},"end":{"line":121,"column":40}},"26":{"start":{"line":123,"column":18},"end":{"line":123,"column":63}},"27":{"start":{"line":124,"column":2},"end":{"line":126,"column":3}},"28":{"start":{"line":125,"column":4},"end":{"line":125,"column":40}},"29":{"start":{"line":127,"column":2},"end":{"line":127,"column":14}},"30":{"start":{"line":130,"column":0},"end":{"line":139,"column":2}},"31":{"start":{"line":131,"column":23},"end":{"line":134,"column":3}},"32":{"start":{"line":135,"column":2},"end":{"line":137,"column":3}},"33":{"start":{"line":136,"column":4},"end":{"line":136,"column":46}},"34":{"start":{"line":138,"column":2},"end":{"line":138,"column":22}},"35":{"start":{"line":143,"column":0},"end":{"line":156,"column":3}},"36":{"start":{"line":145,"column":15},"end":{"line":145,"column":19}},"37":{"start":{"line":149,"column":2},"end":{"line":151,"column":3}},"38":{"start":{"line":150,"column":4},"end":{"line":150,"column":56}},"39":{"start":{"line":152,"column":2},"end":{"line":152,"column":9}},"40":{"start":{"line":158,"column":13},"end":{"line":158,"column":47}},"41":{"start":{"line":159,"column":0},"end":{"line":159,"column":22}}},"fnMap":{"0":{"name":"(anonymous_0)","decl":{"start":{"line":23,"column":4},"end":{"line":23,"column":5}},"loc":{"start":{"line":23,"column":20},"end":{"line":27,"column":5}},"line":23},"1":{"name":"(anonymous_1)","decl":{"start":{"line":34,"column":4},"end":{"line":34,"column":5}},"loc":{"start":{"line":34,"column":20},"end":{"line":38,"column":5}},"line":34},"2":{"name":"(anonymous_2)","decl":{"start":{"line":98,"column":28},"end":{"line":98,"column":29}},"loc":{"start":{"line":98,"column":40},"end":{"line":105,"column":1}},"line":98},"3":{"name":"(anonymous_3)","decl":{"start":{"line":107,"column":39},"end":{"line":107,"column":40}},"loc":{"start":{"line":107,"column":57},"end":{"line":115,"column":1}},"line":107},"4":{"name":"(anonymous_4)","decl":{"start":{"line":118,"column":39},"end":{"line":118,"column":40}},"loc":{"start":{"line":118,"column":66},"end":{"line":128,"column":1}},"line":118},"5":{"name":"(anonymous_5)","decl":{"start":{"line":130,"column":38},"end":{"line":130,"column":39}},"loc":{"start":{"line":130,"column":58},"end":{"line":139,"column":1}},"line":130},"6":{"name":"(anonymous_6)","decl":{"start":{"line":143,"column":23},"end":{"line":143,"column":24}},"loc":{"start":{"line":143,"column":45},"end":{"line":156,"column":1}},"line":143}},"branchMap":{"0":{"loc":{"start":{"line":24,"column":6},"end":{"line":26,"column":7}},"type":"if","locations":[{"start":{"line":24,"column":6},"end":{"line":26,"column":7}},{"start":{"line":24,"column":6},"end":{"line":26,"column":7}}],"line":24},"1":{"loc":{"start":{"line":35,"column":6},"end":{"line":37,"column":7}},"type":"if","locations":[{"start":{"line":35,"column":6},"end":{"line":37,"column":7}},{"start":{"line":35,"column":6},"end":{"line":37,"column":7}}],"line":35},"2":{"loc":{"start":{"line":120,"column":2},"end":{"line":122,"column":3}},"type":"if","locations":[{"start":{"line":120,"column":2},"end":{"line":122,"column":3}},{"start":{"line":120,"column":2},"end":{"line":122,"column":3}}],"line":120},"3":{"loc":{"start":{"line":124,"column":2},"end":{"line":126,"column":3}},"type":"if","locations":[{"start":{"line":124,"column":2},"end":{"line":126,"column":3}},{"start":{"line":124,"column":2},"end":{"line":126,"column":3}}],"line":124},"4":{"loc":{"start":{"line":135,"column":2},"end":{"line":137,"column":3}},"type":"if","locations":[{"start":{"line":135,"column":2},"end":{"line":137,"column":3}},{"start":{"line":135,"column":2},"end":{"line":137,"column":3}}],"line":135},"5":{"loc":{"start":{"line":149,"column":2},"end":{"line":151,"column":3}},"type":"if","locations":[{"start":{"line":149,"column":2},"end":{"line":151,"column":3}},{"start":{"line":149,"column":2},"end":{"line":151,"column":3}}],"line":149}},"s":{"0":2,"1":2,"2":2,"3":2,"4":2,"5":1,"6":0,"7":1,"8":0,"9":2,"10":0,"11":0,"12":0,"13":0,"14":0,"15":0,"16":2,"17":1,"18":1,"19":0,"20":0,"21":0,"22":2,"23":0,"24":0,"25":0,"26":0,"27":0,"28":0,"29":0,"30":2,"31":0,"32":0,"33":0,"34":0,"35":2,"36":1,"37":1,"38":1,"39":1,"40":2,"41":2},"f":{"0":1,"1":1,"2":0,"3":1,"4":0,"5":0,"6":1},"b":{"0":[0,1],"1":[0,1],"2":[0,0],"3":[0,0],"4":[0,0],"5":[1,0]},"_coverageSchema":"1a1c01bbd47fc00a2c39e90264f33305004495a9","hash":"c31133866452a5581ddb6f5f6a802980f94028a6"}
,"/home/hackyourfuture/Documents/Mert/DanceWithMe/api/src/routers/user.js": {"path":"/home/hackyourfuture/Documents/Mert/DanceWithMe/api/src/routers/user.js","statementMap":{"0":{"start":{"line":1,"column":16},"end":{"line":1,"column":34}},"1":{"start":{"line":2,"column":13},"end":{"line":2,"column":38}},"2":{"start":{"line":3,"column":13},"end":{"line":3,"column":52}},"3":{"start":{"line":4,"column":15},"end":{"line":4,"column":35}},"4":{"start":{"line":5,"column":25},"end":{"line":5,"column":53}},"5":{"start":{"line":11,"column":0},"end":{"line":13,"column":2}},"6":{"start":{"line":12,"column":2},"end":{"line":12,"column":32}},"7":{"start":{"line":15,"column":0},"end":{"line":25,"column":3}},"8":{"start":{"line":16,"column":15},"end":{"line":16,"column":33}},"9":{"start":{"line":17,"column":2},"end":{"line":24,"column":3}},"10":{"start":{"line":18,"column":4},"end":{"line":18,"column":22}},"11":{"start":{"line":19,"column":4},"end":{"line":19,"column":44}},"12":{"start":{"line":20,"column":18},"end":{"line":20,"column":48}},"13":{"start":{"line":21,"column":4},"end":{"line":21,"column":42}},"14":{"start":{"line":23,"column":4},"end":{"line":23,"column":36}},"15":{"start":{"line":27,"column":0},"end":{"line":38,"column":3}},"16":{"start":{"line":28,"column":2},"end":{"line":37,"column":3}},"17":{"start":{"line":29,"column":17},"end":{"line":32,"column":5}},"18":{"start":{"line":33,"column":18},"end":{"line":33,"column":48}},"19":{"start":{"line":34,"column":4},"end":{"line":34,"column":30}},"20":{"start":{"line":36,"column":4},"end":{"line":36,"column":64}},"21":{"start":{"line":41,"column":0},"end":{"line":51,"column":3}},"22":{"start":{"line":42,"column":2},"end":{"line":50,"column":3}},"23":{"start":{"line":43,"column":4},"end":{"line":45,"column":7}},"24":{"start":{"line":44,"column":6},"end":{"line":44,"column":39}},"25":{"start":{"line":46,"column":4},"end":{"line":46,"column":26}},"26":{"start":{"line":47,"column":4},"end":{"line":47,"column":15}},"27":{"start":{"line":49,"column":4},"end":{"line":49,"column":27}},"28":{"start":{"line":53,"column":0},"end":{"line":61,"column":3}},"29":{"start":{"line":54,"column":2},"end":{"line":60,"column":3}},"30":{"start":{"line":55,"column":20},"end":{"line":55,"column":66}},"31":{"start":{"line":56,"column":4},"end":{"line":56,"column":22}},"32":{"start":{"line":57,"column":4},"end":{"line":57,"column":24}},"33":{"start":{"line":59,"column":4},"end":{"line":59,"column":27}},"34":{"start":{"line":63,"column":0},"end":{"line":63,"column":24}}},"fnMap":{"0":{"name":"(anonymous_0)","decl":{"start":{"line":11,"column":20},"end":{"line":11,"column":21}},"loc":{"start":{"line":11,"column":40},"end":{"line":13,"column":1}},"line":11},"1":{"name":"(anonymous_1)","decl":{"start":{"line":15,"column":22},"end":{"line":15,"column":23}},"loc":{"start":{"line":15,"column":42},"end":{"line":25,"column":1}},"line":15},"2":{"name":"(anonymous_2)","decl":{"start":{"line":27,"column":28},"end":{"line":27,"column":29}},"loc":{"start":{"line":27,"column":48},"end":{"line":38,"column":1}},"line":27},"3":{"name":"(anonymous_3)","decl":{"start":{"line":41,"column":35},"end":{"line":41,"column":36}},"loc":{"start":{"line":41,"column":55},"end":{"line":51,"column":1}},"line":41},"4":{"name":"(anonymous_4)","decl":{"start":{"line":43,"column":45},"end":{"line":43,"column":46}},"loc":{"start":{"line":43,"column":56},"end":{"line":45,"column":5}},"line":43},"5":{"name":"(anonymous_5)","decl":{"start":{"line":53,"column":31},"end":{"line":53,"column":32}},"loc":{"start":{"line":53,"column":51},"end":{"line":61,"column":1}},"line":53}},"branchMap":{},"s":{"0":2,"1":2,"2":2,"3":2,"4":2,"5":2,"6":1,"7":2,"8":1,"9":1,"10":1,"11":1,"12":1,"13":0,"14":1,"15":2,"16":0,"17":0,"18":0,"19":0,"20":0,"21":2,"22":0,"23":0,"24":0,"25":0,"26":0,"27":0,"28":2,"29":0,"30":0,"31":0,"32":0,"33":0,"34":2},"f":{"0":1,"1":1,"2":0,"3":0,"4":0,"5":0},"b":{},"_coverageSchema":"1a1c01bbd47fc00a2c39e90264f33305004495a9","hash":"f66226ee4a3a44a7d6d1752026bac9b0444cd987"}
}
