TN:
SF:math.js
FN:1,(anonymous_0)
FN:5,(anonymous_1)
FNF:2
FNH:2
FNDA:1,(anonymous_0)
FNDA:1,(anonymous_1)
DA:1,1
DA:2,1
DA:5,1
DA:6,1
DA:17,1
LF:5
LH:5
BRF:0
BRH:0
end_of_record
TN:
SF:server.js
FNF:0
FNH:0
DA:5,2
DA:7,2
LF:2
LH:2
BRF:0
BRH:0
end_of_record
TN:
SF:src/index.js
FNF:0
FNH:0
DA:1,2
DA:2,2
DA:3,2
DA:4,2
DA:6,2
DA:7,2
DA:8,2
DA:9,2
DA:11,2
LF:9
LH:9
BRF:0
BRH:0
end_of_record
TN:
SF:src/db/mongoose.js
FN:17,(anonymous_0)
FNF:1
FNH:1
FNDA:2,(anonymous_0)
DA:1,2
DA:3,2
DA:4,2
DA:8,2
DA:15,2
DA:17,2
DA:18,2
LF:7
LH:7
BRF:0
BRH:0
end_of_record
TN:
SF:src/emails/account.js
FN:10,(anonymous_0)
FNF:1
FNH:1
FNDA:1,(anonymous_0)
DA:1,2
DA:2,2
DA:3,2
DA:8,2
DA:10,2
DA:11,1
DA:28,2
LF:7
LH:7
BRF:0
BRH:0
end_of_record
TN:
SF:src/middleware/authentication.js
FN:4,(anonymous_0)
FNF:1
FNH:0
FNDA:0,(anonymous_0)
DA:1,2
DA:2,2
DA:4,2
DA:5,0
DA:6,0
DA:7,0
DA:10,0
DA:17,0
DA:18,0
DA:20,0
DA:21,0
DA:22,0
DA:24,0
DA:27,2
LF:14
LH:4
BRDA:17,0,0,0
BRDA:17,0,1,0
BRF:2
BRH:0
end_of_record
TN:
SF:src/models/user.js
FN:23,(anonymous_0)
FN:34,(anonymous_1)
FN:98,(anonymous_2)
FN:107,(anonymous_3)
FN:118,(anonymous_4)
FN:130,(anonymous_5)
FN:143,(anonymous_6)
FNF:7
FNH:4
FNDA:1,(anonymous_0)
FNDA:1,(anonymous_1)
FNDA:0,(anonymous_2)
FNDA:1,(anonymous_3)
FNDA:0,(anonymous_4)
FNDA:0,(anonymous_5)
FNDA:1,(anonymous_6)
DA:1,2
DA:2,2
DA:3,2
DA:4,2
DA:6,2
DA:24,1
DA:25,0
DA:35,1
DA:36,0
DA:98,2
DA:99,0
DA:100,0
DA:101,0
DA:102,0
DA:103,0
DA:104,0
DA:107,2
DA:108,1
DA:109,1
DA:112,0
DA:113,0
DA:114,0
DA:118,2
DA:119,0
DA:120,0
DA:121,0
DA:123,0
DA:124,0
DA:125,0
DA:127,0
DA:130,2
DA:131,0
DA:135,0
DA:136,0
DA:138,0
DA:143,2
DA:145,1
DA:149,1
DA:150,1
DA:152,1
DA:158,2
DA:159,2
LF:42
LH:20
BRDA:24,0,0,0
BRDA:24,0,1,1
BRDA:35,1,0,0
BRDA:35,1,1,1
BRDA:120,2,0,0
BRDA:120,2,1,0
BRDA:124,3,0,0
BRDA:124,3,1,0
BRDA:135,4,0,0
BRDA:135,4,1,0
BRDA:149,5,0,1
BRDA:149,5,1,0
BRF:12
BRH:3
end_of_record
TN:
SF:src/routers/user.js
FN:11,(anonymous_0)
FN:15,(anonymous_1)
FN:27,(anonymous_2)
FN:41,(anonymous_3)
FN:43,(anonymous_4)
FN:53,(anonymous_5)
FNF:6
FNH:2
FNDA:1,(anonymous_0)
FNDA:1,(anonymous_1)
FNDA:0,(anonymous_2)
FNDA:0,(anonymous_3)
FNDA:0,(anonymous_4)
FNDA:0,(anonymous_5)
DA:1,2
DA:2,2
DA:3,2
DA:4,2
DA:5,2
DA:11,2
DA:12,1
DA:15,2
DA:16,1
DA:17,1
DA:18,1
DA:19,1
DA:20,1
DA:21,0
DA:23,1
DA:27,2
DA:28,0
DA:29,0
DA:33,0
DA:34,0
DA:36,0
DA:41,2
DA:42,0
DA:43,0
DA:44,0
DA:46,0
DA:47,0
DA:49,0
DA:53,2
DA:54,0
DA:55,0
DA:56,0
DA:57,0
DA:59,0
DA:63,2
LF:35
LH:18
BRF:0
BRH:0
end_of_record
